<?xml version="1.0" encoding="UTF-8"?>
<testsuite xmlns:xsi="http://www.w3.org/2001/XMLSchema-instance" xsi:noNamespaceSchemaLocation="https://maven.apache.org/surefire/maven-failsafe-plugin/xsd/failsafe-test-report-3.0.xsd" version="3.0" name="starter.saucedemotests.WhenLoginSauceDemo" time="14.359" tests="4" errors="0" skipped="0" failures="0">
  <properties>
[...]
</properties>
  <testcase name="loginTest" classname="starter.saucedemotests.WhenLoginSauceDemo" time="3.679">
    <system-out><![CDATA[17:50:30.773 [ForkJoinPool-1-worker-1] INFO  n.thucydides.core.steps.StepEventBus - Loading JUnit Platform configuration parameters from classpath resource [junit-platform.properties].
17:50:31.672 [ForkJoinPool-1-worker-1] INFO  n.s.c.w.d.ChromeDriverProvider - Starting Chrome driver instance with capabilities:
17:50:31.674 [ForkJoinPool-1-worker-1] INFO  n.s.c.w.d.ChromeDriverProvider - Capabilities {acceptInsecureCerts: true, browserName: chrome, goog:chromeOptions: {args: [start-maximized, test-type, no-sandbox, ignore-certificate-errors, incognito, disable-infobars, disable-gpu, disable-default-apps, disable-popup-blocking, start-maximized, test-type, no-sandbox, ignore-certificate-errors, incognito, disable-infobars, disable-gpu, disable-default-apps, disable-popup-blocking, remote-allow-origins=*], extensions: []}}
]]></system-out>
  </testcase>
  <testcase name="logout" classname="starter.saucedemotests.WhenLoginSauceDemo" time="2.335">
    <system-out><![CDATA[17:50:35.174 [ForkJoinPool-1-worker-1] INFO  n.s.c.w.d.ChromeDriverProvider - Starting Chrome driver instance with capabilities:
17:50:35.175 [ForkJoinPool-1-worker-1] INFO  n.s.c.w.d.ChromeDriverProvider - Capabilities {acceptInsecureCerts: true, browserName: chrome, goog:chromeOptions: {args: [start-maximized, test-type, no-sandbox, ignore-certificate-errors, incognito, disable-infobars, disable-gpu, disable-default-apps, disable-popup-blocking, start-maximized, test-type, no-sandbox, ignore-certificate-errors, incognito, disable-infobars, disable-gpu, disable-default-apps, disable-popup-blocking, remote-allow-origins=*], extensions: []}}
]]></system-out>
  </testcase>
  <testcase name="randomBuy" classname="starter.saucedemotests.WhenLoginSauceDemo" time="3.035">
    <system-out><![CDATA[17:50:37.604 [ForkJoinPool-1-worker-1] INFO  n.s.c.w.d.ChromeDriverProvider - Starting Chrome driver instance with capabilities:
17:50:37.604 [ForkJoinPool-1-worker-1] INFO  n.s.c.w.d.ChromeDriverProvider - Capabilities {acceptInsecureCerts: true, browserName: chrome, goog:chromeOptions: {args: [start-maximized, test-type, no-sandbox, ignore-certificate-errors, incognito, disable-infobars, disable-gpu, disable-default-apps, disable-popup-blocking, start-maximized, test-type, no-sandbox, ignore-certificate-errors, incognito, disable-infobars, disable-gpu, disable-default-apps, disable-popup-blocking, remote-allow-origins=*], extensions: []}}
]]></system-out>
  </testcase>
  <testcase name="removeItems" classname="starter.saucedemotests.WhenLoginSauceDemo" time="4.672">
    <system-out><![CDATA[17:50:40.721 [ForkJoinPool-1-worker-1] INFO  n.s.c.w.d.ChromeDriverProvider - Starting Chrome driver instance with capabilities:
17:50:40.721 [ForkJoinPool-1-worker-1] INFO  n.s.c.w.d.ChromeDriverProvider - Capabilities {acceptInsecureCerts: true, browserName: chrome, goog:chromeOptions: {args: [start-maximized, test-type, no-sandbox, ignore-certificate-errors, incognito, disable-infobars, disable-gpu, disable-default-apps, disable-popup-blocking, start-maximized, test-type, no-sandbox, ignore-certificate-errors, incognito, disable-infobars, disable-gpu, disable-default-apps, disable-popup-blocking, remote-allow-origins=*], extensions: []}}
]]></system-out>
  </testcase>
</testsuite>